<?xml version="1.0" encoding="UTF-8"?>
<!-- Generated by org.testng.reporters.JUnitReportReporter -->
<testsuite hostname="DESKTOP-OGMR2FK" failures="0" tests="1" name="craigslist.SearchPrius" time="4.525" errors="0" timestamp="2021-07-08T01:01:17 EDT" skipped="0">
  <testcase classname="craigslist.SearchPrius" name="StartSearching" time="4.525"/>
  <system-out/>
</testsuite> <!-- craigslist.SearchPrius -->
