<?xml version="1.0" encoding="UTF-8"?>
<!-- Generated by org.testng.reporters.JUnitReportReporter -->
<testsuite hostname="DESKTOP-OGMR2FK" failures="0" tests="1" name="craigslist.SearchPriusV" time="4.890" errors="0" timestamp="2021-07-08T00:41:19 EDT" skipped="0">
  <testcase classname="craigslist.SearchPriusV" name="StartSearching" time="4.890"/>
  <system-out/>
</testsuite> <!-- craigslist.SearchPriusV -->
