<?xml version="1.0" encoding="UTF-8"?>
<!-- Generated by org.testng.reporters.JUnitReportReporter -->
<testsuite hostname="DESKTOP-K6H374V" failures="0" tests="1" name="craigslist.TestSearchPrius" time="2.517" errors="0" timestamp="2021-11-16T23:40:32 EST" skipped="0">
  <testcase classname="craigslist.TestSearchPrius" name="TestStartSearching" time="2.517"/>
  <system-out/>
</testsuite> <!-- craigslist.TestSearchPrius -->
