<?xml version="1.0" encoding="UTF-8"?>
<!-- Generated by org.testng.reporters.JUnitReportReporter -->
<testsuite hostname="DESKTOP-K6H374V" failures="0" tests="1" name="craigslist.TestSearchPrius" time="1.410" errors="0" timestamp="2021-10-05T11:26:19 EDT" skipped="0">
  <testcase classname="craigslist.TestSearchPrius" name="TestStartSearching" time="1.410"/>
  <system-out/>
</testsuite> <!-- craigslist.TestSearchPrius -->
